{"service": "gemini_service", "user_id": "user_123", "query": "How will a recession affect my super in 20 years?", "intent": "scenario_simulation", "status": "success", "timestamp": "2025-08-16T06:44:16.322861"}
{"service": "gemini_service", "user_id": "user_123", "query": "How will a recession affect my super in 20 years?", "intent": "scenario_simulation", "status": "success", "timestamp": "2025-08-16T06:50:56.772509"}
{"service": "gemini_service", "user_id": "user_123", "query": "If I contribute $20k quarterly, what happens in 10 years?", "intent": "general_query", "status": "success", "timestamp": "2025-08-16T06:50:59.080025"}
{"service": "gemini_service", "user_id": "user_123", "query": "Will my super drop if I put 15,000 bi-annual?", "intent": "general_query", "status": "success", "timestamp": "2025-08-16T06:51:05.747292"}
{"service": "gemini_service", "user_id": "user_123", "query": "What if I add $5k every 4 months for 30 years?", "intent": "general_query", "status": "success", "timestamp": "2025-08-16T06:51:06.987144"}
{"service": "gemini_service", "user_id": "user_123", "query": "How does a recession affect my super if I invest yearly?", "intent": "scenario_simulation", "status": "success", "timestamp": "2025-08-16T06:51:11.741986"}
{"service": "user_service", "user_id": "user_123", "status": "success (mock)", "timestamp": "2025-08-16T07:07:48.532664"}
{"service": "gemini_service", "user_id": "user_123", "query": "How will a recession affect my super in 20 years?", "intent": "scenario_simulation", "status": "success", "timestamp": "2025-08-16T07:07:54.095998"}
{"service": "user_service", "user_id": "user_123", "status": "success (mock)", "timestamp": "2025-08-16T07:07:54.095998"}
{"service": "gemini_service", "user_id": "user_123", "query": "If I contribute $20k quarterly, what happens in 10 years?", "intent": "general_query", "status": "success", "timestamp": "2025-08-16T07:07:56.257728"}
{"service": "user_service", "user_id": "user_123", "status": "success (mock)", "timestamp": "2025-08-16T07:07:56.257728"}
{"service": "gemini_service", "user_id": "user_123", "query": "Will my super drop if I put 15,000 bi-annual?", "intent": "general_query", "status": "success", "timestamp": "2025-08-16T07:08:06.540624"}
{"service": "user_service", "user_id": "user_123", "status": "success (mock)", "timestamp": "2025-08-16T07:08:06.541624"}
{"service": "user_service", "user_id": "user_123", "status": "success (mock)", "timestamp": "2025-08-16T07:08:13.799855"}
{"service": "gemini_service", "user_id": "user_123", "query": "How will a recession affect my super in 20 years?", "intent": "scenario_simulation", "status": "success", "timestamp": "2025-08-16T07:08:18.724357"}
{"service": "user_service", "user_id": "user_123", "status": "success (mock)", "timestamp": "2025-08-16T07:08:18.726419"}
{"service": "gemini_service", "user_id": "user_123", "query": "If I contribute $20k quarterly, what happens in 10 years?", "intent": "general_query", "status": "success", "timestamp": "2025-08-16T07:08:20.395623"}
{"service": "user_service", "user_id": "user_123", "status": "success (mock)", "timestamp": "2025-08-16T07:08:20.395623"}
{"service": "user_service", "user_id": "user_123", "status": "success (mock)", "timestamp": "2025-08-16T07:08:29.999371"}
{"service": "user_service", "user_id": "user_123", "status": "success (mock)", "timestamp": "2025-08-16T07:26:39.059017"}
{"service": "gemini_service", "user_id": "user_123", "query": "How will a recession affect my super in 20 years?", "error": "unhashable type: 'list'", "status": "error", "timestamp": "2025-08-16T07:26:39.059017"}
{"service": "user_service", "user_id": "user_123", "status": "success (mock)", "timestamp": "2025-08-16T07:28:55.931013"}
{"service": "gemini_service", "user_id": "user_123", "query": "How will a recession affect my super in 20 years?", "intent": "scenario_simulation", "status": "success", "timestamp": "2025-08-16T07:28:57.833929"}
{"service": "user_service", "user_id": "user_123", "status": "success (mock)", "timestamp": "2025-08-16T07:28:57.833929"}
{"service": "gemini_service", "user_id": "user_123", "query": "If I contribute $20k quarterly, what happens in 10 years?", "intent": "scenario_simulation", "status": "success", "timestamp": "2025-08-16T07:28:59.661680"}
{"service": "user_service", "user_id": "user_123", "status": "success (mock)", "timestamp": "2025-08-16T07:28:59.677347"}
{"service": "gemini_service", "user_id": "user_123", "query": "Will my super drop if I put 15,000 bi-annual?", "intent": "scenario_simulation", "status": "success", "timestamp": "2025-08-16T07:29:02.664380"}
{"service": "user_service", "user_id": "user_123", "status": "success (mock)", "timestamp": "2025-08-16T07:29:02.665457"}
{"service": "gemini_service", "user_id": "user_123", "query": "What if I add $5k every 4 months for 30 years?", "intent": "scenario_simulation", "status": "success", "timestamp": "2025-08-16T07:29:04.514727"}
{"service": "user_service", "user_id": "user_123", "status": "success (mock)", "timestamp": "2025-08-16T07:29:04.514727"}
{"service": "gemini_service", "user_id": "user_123", "query": "How does a recession affect my super if I invest yearly?", "intent": "scenario_simulation", "status": "success", "timestamp": "2025-08-16T07:29:08.099249"}
{"service": "user_service", "user_id": "user_123", "status": "success (mock)", "timestamp": "2025-08-16T07:37:15.885842"}
{"service": "gemini_service", "user_id": "user_123", "query": "How will a recession affect my super in 20 years?", "intent": "scenario_simulation", "status": "success", "timestamp": "2025-08-16T07:37:17.877743"}
{"service": "user_service", "user_id": "user_123", "status": "success (mock)", "timestamp": "2025-08-16T07:37:17.879821"}
{"service": "gemini_service", "user_id": "user_123", "query": "If I contribute $20k quarterly, what happens in 10 years?", "intent": "scenario_simulation", "status": "success", "timestamp": "2025-08-16T07:37:20.435146"}
{"service": "user_service", "user_id": "user_123", "status": "success (mock)", "timestamp": "2025-08-16T07:37:20.435146"}
{"service": "gemini_service", "user_id": "user_123", "query": "Will my super drop if I put 15,000 bi-annual?", "intent": "scenario_simulation", "status": "success", "timestamp": "2025-08-16T07:37:23.429352"}
{"service": "user_service", "user_id": "user_123", "status": "success (mock)", "timestamp": "2025-08-16T07:37:23.429352"}
{"service": "gemini_service", "user_id": "user_123", "query": "What if I add $5k every 4 months for 30 years?", "intent": "scenario_simulation", "status": "success", "timestamp": "2025-08-16T07:37:25.515630"}
{"service": "user_service", "user_id": "user_123", "status": "success (mock)", "timestamp": "2025-08-16T07:37:25.515630"}
{"service": "gemini_service", "user_id": "user_123", "query": "How does a recession affect my super if I invest yearly?", "intent": "scenario_simulation", "status": "success", "timestamp": "2025-08-16T07:37:27.538245"}
{"service": "user_service", "user_id": "user_123", "status": "success (mock)", "timestamp": "2025-08-16T07:37:27.538245"}
{"service": "gemini_service", "user_id": "user_123", "query": "What\u2019s the impact of a balanced fund on my super?", "intent": "general_query", "status": "success", "timestamp": "2025-08-16T07:37:30.628953"}
{"service": "user_service", "user_id": "user_123", "status": "success (mock)", "timestamp": "2025-08-16T07:37:30.629998"}
{"service": "gemini_service", "user_id": "user_123", "query": "Is low risk better for my super in a recession?", "intent": "general_query", "status": "success", "timestamp": "2025-08-16T07:37:32.281424"}
{"service": "nlp_service", "function": "extract_entities", "user_id": "user_123", "query": "How will a recession affect my super in 20 years?", "entities": {"scenario": null, "timeframe": 20, "contribution": 20, "frequency": null, "investment_type": null, "risk_tolerance": null}, "status": "success", "timestamp": "2025-08-16T08:50:30.156416"}
{"service": "nlp_service", "function": "analyze_sentiment", "user_id": "user_123", "text": "How will a recession affect my super in 20 years?", "sentiment": {"score": -0.53, "label": "LABEL_0"}, "status": "success", "timestamp": "2025-08-16T08:50:30.347729"}
{"service": "nlp_service", "function": "analyze_sentiment", "user_id": "user_123", "text": "Global markets are bracing for a potential 2% econ", "sentiment": {"score": -0.52, "label": "LABEL_0"}, "status": "success", "timestamp": "2025-08-16T08:50:30.538176"}
{"service": "nlp_service", "function": "fetch_news_sentiment", "user_id": "user_123", "query": "How will a recession affect my super in 20 years?", "response": {"sentiment": -0.52, "summary": "Mock news: 2% economic downturn predicted due to global trade tensions."}, "status": "success (mock)", "timestamp": "2025-08-16T08:50:30.538176"}
{"service": "nlp_service", "function": "extract_entities", "user_id": "user_123", "query": "If I contribute $20k quarterly, what happens in 10 years?", "entities": {"scenario": null, "timeframe": 10, "contribution": 20000, "frequency": "quarterly", "investment_type": null, "risk_tolerance": null}, "status": "success", "timestamp": "2025-08-16T08:50:30.680640"}
{"service": "nlp_service", "function": "analyze_sentiment", "user_id": "user_123", "text": "If I contribute $20k quarterly, what happens in 10", "sentiment": {"score": -0.53, "label": "LABEL_0"}, "status": "success", "timestamp": "2025-08-16T08:50:30.817681"}
{"service": "nlp_service", "function": "extract_entities", "user_id": "user_123", "query": "Will my super drop if I put 15,000 bi-annual?", "entities": {"scenario": null, "timeframe": null, "contribution": 15000, "frequency": "bi-annual", "investment_type": null, "risk_tolerance": null}, "status": "success", "timestamp": "2025-08-16T08:50:30.977636"}
{"service": "nlp_service", "function": "analyze_sentiment", "user_id": "user_123", "text": "Will my super drop if I put 15,000 bi-annual?", "sentiment": {"score": -0.54, "label": "LABEL_0"}, "status": "success", "timestamp": "2025-08-16T08:50:31.115829"}
{"service": "nlp_service", "function": "extract_entities", "user_id": "user_123", "query": "What if I add $5k every 4 months for 30 years?", "entities": {"scenario": null, "timeframe": 30, "contribution": 5000, "frequency": "every 4 months", "investment_type": null, "risk_tolerance": null}, "status": "success", "timestamp": "2025-08-16T08:50:31.273903"}
{"service": "nlp_service", "function": "analyze_sentiment", "user_id": "user_123", "text": "What if I add $5k every 4 months for 30 years?", "sentiment": {"score": -0.53, "label": "LABEL_0"}, "status": "success", "timestamp": "2025-08-16T08:50:31.389889"}
{"service": "nlp_service", "function": "extract_entities", "user_id": "user_123", "query": "What\u2019s the impact of a balanced fund on my super?", "entities": {"scenario": null, "timeframe": null, "contribution": null, "frequency": null, "investment_type": "balanced_fund", "risk_tolerance": null}, "status": "success", "timestamp": "2025-08-16T08:50:31.548964"}
{"service": "nlp_service", "function": "analyze_sentiment", "user_id": "user_123", "text": "What\u2019s the impact of a balanced fund on my super?", "sentiment": {"score": -0.53, "label": "LABEL_0"}, "status": "success", "timestamp": "2025-08-16T08:50:31.689627"}
{"service": "nlp_service", "function": "extract_entities", "user_id": "user_123", "query": "Is low risk better for my super in a recession?", "entities": {"scenario": null, "timeframe": null, "contribution": null, "frequency": null, "investment_type": null, "risk_tolerance": "low"}, "status": "success", "timestamp": "2025-08-16T08:50:31.801604"}
{"service": "nlp_service", "function": "analyze_sentiment", "user_id": "user_123", "text": "Is low risk better for my super in a recession?", "sentiment": {"score": -0.53, "label": "LABEL_0"}, "status": "success", "timestamp": "2025-08-16T08:50:31.906893"}
{"service": "nlp_service", "function": "analyze_sentiment", "user_id": "user_123", "text": "Global markets are bracing for a potential 2% econ", "sentiment": {"score": -0.52, "label": "LABEL_0"}, "status": "success", "timestamp": "2025-08-16T08:50:32.052815"}
{"service": "nlp_service", "function": "fetch_news_sentiment", "user_id": "user_123", "query": "Is low risk better for my super in a recession?", "response": {"sentiment": -0.52, "summary": "Mock news: 2% economic downturn predicted due to global trade tensions."}, "status": "success (mock)", "timestamp": "2025-08-16T08:50:32.056430"}
{"service": "nlp_service", "function": "analyze_sentiment", "user_id": "user_123", "text": "How will a recession affect my super in 20 years?", "sentiment": {"score": -0.58, "label": "LABEL_0"}, "status": "success", "timestamp": "2025-08-16T10:33:45.285168"}
{"service": "user_service", "user_id": "user_123", "status": "success (mock)", "timestamp": "2025-08-16T10:33:45.285168"}
{"service": "nlp_service", "function": "analyze_sentiment", "user_id": "user_123", "text": "neutral", "sentiment": {"score": -0.59, "label": "LABEL_0"}, "status": "success", "timestamp": "2025-08-16T10:53:02.196492"}
{"service": "nlp_service", "function": "analyze_sentiment", "user_id": "user_123", "text": "Australian asset manager First Sentier\u2019s UK unit I", "sentiment": {"score": -0.56, "label": "LABEL_0"}, "status": "success", "timestamp": "2025-08-16T10:53:02.487706"}
{"service": "nlp_service", "function": "analyze_sentiment", "user_id": "user_123", "text": "Atmos Renewables, the clean energy arm of investme", "error": "The size of tensor a (696) must match the size of tensor b (512) at non-singleton dimension 1", "status": "error", "timestamp": "2025-08-16T10:53:02.543613"}
{"service": "nlp_service", "function": "fetch_news_sentiment", "user_id": "user_123", "query": "How will a recession affect my super in 20 years?", "error": "Unexpected error in sentiment analysis: The size of tensor a (696) must match the size of tensor b (512) at non-singleton dimension 1", "status": "error", "timestamp": "2025-08-16T10:53:02.545628"}
{"service": "nlp_service", "function": "analyze_sentiment", "user_id": "user_123", "text": "How will a recession affect my super in 20 years?", "sentiment": {"score": -0.52, "label": "LABEL_1"}, "status": "success", "timestamp": "2025-08-16T11:00:49.002928"}
{"service": "user_service", "user_id": "user_123", "status": "success (mock)", "timestamp": "2025-08-16T11:00:49.002928"}
{"service": "nlp_service", "function": "analyze_sentiment", "user_id": "user_123", "text": "neutral", "sentiment": {"score": -0.53, "label": "LABEL_1"}, "status": "success", "timestamp": "2025-08-16T11:03:16.108050"}
{"service": "nlp_service", "function": "analyze_sentiment", "user_id": "user_123", "text": "Is your super safe? This episode of Investing Comp", "error": "The size of tensor a (697) must match the size of tensor b (512) at non-singleton dimension 1", "status": "error", "timestamp": "2025-08-16T11:03:16.125953"}
{"service": "nlp_service", "function": "fetch_news_sentiment", "user_id": "user_123", "query": "How will a recession affect my super in 20 years?", "error": "Unexpected error in sentiment analysis: The size of tensor a (697) must match the size of tensor b (512) at non-singleton dimension 1", "status": "error", "timestamp": "2025-08-16T11:03:16.125953"}
{"service": "nlp_service", "function": "analyze_sentiment", "user_id": "user_123", "text": "How will a recession affect my super in 20 years?", "sentiment": {"score": -0.5, "label": "LABEL_1"}, "status": "success", "timestamp": "2025-08-16T11:08:02.454970"}
{"service": "user_service", "user_id": "user_123", "status": "success (mock)", "timestamp": "2025-08-16T11:08:02.456717"}
{"service": "nlp_service", "function": "analyze_sentiment", "user_id": "user_123", "text": "Is your super safe? This episode of Investing Comp", "error": "The size of tensor a (697) must match the size of tensor b (512) at non-singleton dimension 1", "status": "error", "timestamp": "2025-08-16T11:10:18.034151"}
{"service": "nlp_service", "function": "fetch_news_sentiment", "user_id": "user_123", "query": "How will a recession affect my super in 20 years?", "error": "Unexpected error in sentiment analysis: The size of tensor a (697) must match the size of tensor b (512) at non-singleton dimension 1", "status": "error", "timestamp": "2025-08-16T11:10:18.034151"}
{"service": "nlp_service", "function": "analyze_sentiment", "user_id": "user_123", "text": "How will a recession affect my super in 20 years?", "sentiment": {"score": -0.5, "label": "NEGATIVE"}, "status": "success", "timestamp": "2025-08-16T11:12:51.303952"}
{"service": "user_service", "user_id": "user_123", "status": "success (mock)", "timestamp": "2025-08-16T11:12:51.307962"}
{"service": "nlp_service", "function": "analyze_sentiment", "user_id": "user_123", "text": "neutral", "sentiment": {"score": -0.5, "label": "NEGATIVE"}, "status": "success", "timestamp": "2025-08-16T11:15:18.429775"}
{"service": "nlp_service", "function": "analyze_sentiment", "user_id": "user_123", "text": "Zandi, chief economist at Moody\u2019s Analytics, share", "error": "The size of tensor a (513) must match the size of tensor b (512) at non-singleton dimension 1", "status": "error", "timestamp": "2025-08-16T11:15:18.720136"}
{"service": "nlp_service", "function": "fetch_news_sentiment", "user_id": "user_123", "query": "How will a recession affect my super in 20 years?", "error": "Unexpected error in sentiment analysis: The size of tensor a (513) must match the size of tensor b (512) at non-singleton dimension 1", "status": "error", "timestamp": "2025-08-16T11:15:18.721236"}
{"service": "nlp_service", "function": "analyze_sentiment", "user_id": "user_123", "text": "How will a recession affect my super in 20 years?", "sentiment": {"score": -0.53, "label": "NEGATIVE"}, "status": "success", "timestamp": "2025-08-16T11:15:56.845816"}
{"service": "user_service", "user_id": "user_123", "status": "success (mock)", "timestamp": "2025-08-16T11:15:56.849479"}
{"service": "nlp_service", "function": "analyze_sentiment", "user_id": "user_123", "text": "Is your super safe?\nThis episode of Investing Comp", "error": "The size of tensor a (513) must match the size of tensor b (512) at non-singleton dimension 1", "status": "error", "timestamp": "2025-08-16T11:18:47.773317"}
{"service": "nlp_service", "function": "fetch_news_sentiment", "user_id": "user_123", "query": "How will a recession affect my super in 20 years?", "error": "Unexpected error in sentiment analysis: The size of tensor a (513) must match the size of tensor b (512) at non-singleton dimension 1", "status": "error", "timestamp": "2025-08-16T11:18:47.779401"}
{"service": "nlp_service", "function": "analyze_sentiment", "user_id": "user_123", "text": "How will a recession affect my super in 20 years?", "sentiment": {"score": -0.58, "label": "NEGATIVE"}, "status": "success", "timestamp": "2025-08-16T11:20:09.820251"}
{"service": "user_service", "user_id": "user_123", "status": "success (mock)", "timestamp": "2025-08-16T11:20:09.822254"}
{"service": "nlp_service", "function": "analyze_sentiment", "user_id": "user_123", "text": "Zandi, chief economist at Moody\u2019s Analytics, share", "sentiment": {"score": -0.56, "label": "NEGATIVE"}, "status": "success", "timestamp": "2025-08-16T11:22:43.207424"}
{"service": "nlp_service", "function": "analyze_sentiment", "user_id": "user_123", "text": "neutral", "sentiment": {"score": -0.58, "label": "NEGATIVE"}, "status": "success", "timestamp": "2025-08-16T11:22:43.467964"}
{"service": "nlp_service", "function": "analyze_sentiment", "user_id": "user_123", "text": "Is your super safe?\nThis episode of Investing Comp", "sentiment": {"score": -0.57, "label": "NEGATIVE"}, "status": "success", "timestamp": "2025-08-16T11:22:45.799160"}
{"service": "nlp_service", "function": "analyze_sentiment", "user_id": "user_123", "text": "neutral", "sentiment": {"score": -0.58, "label": "NEGATIVE"}, "status": "success", "timestamp": "2025-08-16T11:22:46.114373"}
{"service": "nlp_service", "function": "analyze_sentiment", "user_id": "user_123", "text": "Are you one of many Australians affected by higher", "sentiment": {"score": -0.57, "label": "NEGATIVE"}, "status": "success", "timestamp": "2025-08-16T11:22:48.756909"}
{"service": "nlp_service", "function": "fetch_news_sentiment", "user_id": "user_123", "query": "How will a recession affect my super in 20 years?", "search_terms": ["recession super fund 2025", "superannuation retirement age 40 Australia", "balanced super fund Australia", "Australian superannuation market trends 2025", "Australian superannuation recession"], "response": {"sentiment": -0.57, "summary": "AMP becomes first major super fund to offer cashback rewards that boost your super balance - AdviserVoice"}, "article_count": 5, "status": "success", "timestamp": "2025-08-16T11:22:48.759908"}
{"service": "nlp_service", "function": "analyze_sentiment", "user_id": "user_123", "text": "If I contribute $20k quarterly, what happens in 10", "sentiment": {"score": -0.57, "label": "NEGATIVE"}, "status": "success", "timestamp": "2025-08-16T11:22:49.046142"}
{"service": "user_service", "user_id": "user_123", "status": "success (mock)", "timestamp": "2025-08-16T11:22:49.050299"}
{"service": "nlp_service", "function": "analyze_sentiment", "user_id": "user_123", "text": "neutral", "sentiment": {"score": -0.58, "label": "NEGATIVE"}, "status": "success", "timestamp": "2025-08-16T11:24:18.733263"}
{"service": "nlp_service", "function": "analyze_sentiment", "user_id": "user_123", "text": "neutral", "sentiment": {"score": -0.58, "label": "NEGATIVE"}, "status": "success", "timestamp": "2025-08-16T11:24:19.037440"}
{"service": "nlp_service", "function": "analyze_sentiment", "user_id": "user_123", "text": "Is your super safe?\nThis episode of Investing Comp", "sentiment": {"score": -0.57, "label": "NEGATIVE"}, "status": "success", "timestamp": "2025-08-16T11:24:21.204154"}
{"service": "nlp_service", "function": "fetch_news_sentiment", "user_id": "user_123", "query": "If I contribute $20k quarterly, what happens in 10", "search_terms": ["superannuation retirement age 40 Australia", "Australian superannuation market trends 2025", "balanced super fund Australia"], "response": {"sentiment": -0.58, "summary": "AMP becomes first major super fund to offer cashback rewards that boost your super balance - AdviserVoice"}, "article_count": 3, "status": "success", "timestamp": "2025-08-16T11:24:21.204154"}
{"service": "nlp_service", "function": "analyze_sentiment", "user_id": "user_123", "text": "Will my super drop if I put 15,000 bi-annual?", "sentiment": {"score": -0.58, "label": "NEGATIVE"}, "status": "success", "timestamp": "2025-08-16T11:24:21.507773"}
{"service": "user_service", "user_id": "user_123", "status": "success (mock)", "timestamp": "2025-08-16T11:24:21.512276"}
{"service": "nlp_service", "function": "analyze_sentiment", "user_id": "user_123", "text": "neutral", "sentiment": {"score": -0.58, "label": "NEGATIVE"}, "status": "success", "timestamp": "2025-08-16T11:25:48.099123"}
{"service": "nlp_service", "function": "analyze_sentiment", "user_id": "user_123", "text": "neutral", "sentiment": {"score": -0.58, "label": "NEGATIVE"}, "status": "success", "timestamp": "2025-08-16T11:25:48.389640"}
{"service": "nlp_service", "function": "analyze_sentiment", "user_id": "user_123", "text": "Is your super safe?\nThis episode of Investing Comp", "sentiment": {"score": -0.57, "label": "NEGATIVE"}, "status": "success", "timestamp": "2025-08-16T11:25:50.765169"}
{"service": "nlp_service", "function": "fetch_news_sentiment", "user_id": "user_123", "query": "Will my super drop if I put 15,000 bi-annual?", "search_terms": ["superannuation retirement age 40 Australia", "Australian superannuation market trends 2025", "balanced super fund Australia"], "response": {"sentiment": -0.58, "summary": "AMP becomes first major super fund to offer cashback rewards that boost your super balance - AdviserVoice"}, "article_count": 3, "status": "success", "timestamp": "2025-08-16T11:25:50.780974"}
{"service": "nlp_service", "function": "analyze_sentiment", "user_id": "user_123", "text": "What\u2019s the impact of a balanced fund on my super?", "sentiment": {"score": -0.58, "label": "NEGATIVE"}, "status": "success", "timestamp": "2025-08-16T11:25:51.039242"}
{"service": "user_service", "user_id": "user_123", "status": "success (mock)", "timestamp": "2025-08-16T11:25:51.052756"}
{"service": "nlp_service", "function": "analyze_sentiment", "user_id": "user_123", "text": "neutral", "sentiment": {"score": -0.58, "label": "NEGATIVE"}, "status": "success", "timestamp": "2025-08-16T11:28:18.998128"}
{"service": "nlp_service", "function": "analyze_sentiment", "user_id": "user_123", "text": "neutral", "sentiment": {"score": -0.58, "label": "NEGATIVE"}, "status": "success", "timestamp": "2025-08-16T11:28:19.286937"}
{"service": "nlp_service", "function": "analyze_sentiment", "user_id": "user_123", "text": "Is your super safe?\nThis episode of Investing Comp", "sentiment": {"score": -0.57, "label": "NEGATIVE"}, "status": "success", "timestamp": "2025-08-16T11:28:21.526353"}
{"service": "nlp_service", "function": "analyze_sentiment", "user_id": "user_123", "text": "Is your super safe?\nThis episode of Investing Comp", "sentiment": {"score": -0.57, "label": "NEGATIVE"}, "status": "success", "timestamp": "2025-08-16T11:28:23.806718"}
{"service": "nlp_service", "function": "fetch_news_sentiment", "user_id": "user_123", "query": "What\u2019s the impact of a balanced fund on my super?", "search_terms": ["superannuation retirement age 40 Australia", "Australian superannuation market trends 2025", "balanced super fund Australia", "balanced_fund super fund Australia"], "response": {"sentiment": -0.57, "summary": "AMP becomes first major super fund to offer cashback rewards that boost your super balance - AdviserVoice"}, "article_count": 4, "status": "success", "timestamp": "2025-08-16T11:28:23.822822"}
{"service": "nlp_service", "function": "analyze_sentiment", "user_id": "user_123", "text": "Is low risk better for my super in a recession?", "sentiment": {"score": -0.58, "label": "NEGATIVE"}, "status": "success", "timestamp": "2025-08-16T11:28:24.106446"}
{"service": "user_service", "user_id": "user_123", "status": "success (mock)", "timestamp": "2025-08-16T11:28:24.113442"}
{"service": "nlp_service", "function": "analyze_sentiment", "user_id": "user_123", "text": "Zandi, chief economist at Moody\u2019s Analytics, share", "sentiment": {"score": -0.56, "label": "NEGATIVE"}, "status": "success", "timestamp": "2025-08-16T11:31:08.112301"}
{"service": "nlp_service", "function": "analyze_sentiment", "user_id": "user_123", "text": "Future Focus: How to avoid losing your super\nThe c", "sentiment": {"score": -0.57, "label": "NEGATIVE"}, "status": "success", "timestamp": "2025-08-16T11:31:09.329036"}
{"service": "nlp_service", "function": "analyze_sentiment", "user_id": "user_123", "text": "neutral", "sentiment": {"score": -0.58, "label": "NEGATIVE"}, "status": "success", "timestamp": "2025-08-16T11:31:09.610789"}
{"service": "nlp_service", "function": "analyze_sentiment", "user_id": "user_123", "text": "Is your super safe?\nThis episode of Investing Comp", "sentiment": {"score": -0.57, "label": "NEGATIVE"}, "status": "success", "timestamp": "2025-08-16T11:31:11.871639"}
{"service": "nlp_service", "function": "analyze_sentiment", "user_id": "user_123", "text": "neutral", "sentiment": {"score": -0.58, "label": "NEGATIVE"}, "status": "success", "timestamp": "2025-08-16T11:31:12.164886"}
{"service": "nlp_service", "function": "analyze_sentiment", "user_id": "user_123", "text": "Are you one of many Australians affected by higher", "sentiment": {"score": -0.57, "label": "NEGATIVE"}, "status": "success", "timestamp": "2025-08-16T11:31:14.669944"}
{"service": "nlp_service", "function": "fetch_news_sentiment", "user_id": "user_123", "query": "Is low risk better for my super in a recession?", "search_terms": ["recession super fund 2025", "low risk superannuation Australia", "superannuation retirement age 40 Australia", "balanced super fund Australia", "Australian superannuation market trends 2025", "Australian superannuation recession"], "response": {"sentiment": -0.57, "summary": "AMP becomes first major super fund to offer cashback rewards that boost your super balance - AdviserVoice"}, "article_count": 6, "status": "success", "timestamp": "2025-08-16T11:31:14.673365"}
